<?xml version="1.0" encoding="UTF-8"?>
<!-- Generated by org.testng.reporters.JUnitXMLReporter -->
<testsuite hostname="IE6CLT7P79VT2" ignored="0" name="Basics" tests="4" failures="1" timestamp="13 Aug 2020 08:10:28 GMT" time="0.038" errors="0">
  <testcase name="Test1" time="0.004" classname="org.TestJava.TestNGPractice"/>
  <testcase name="Test2" time="0.004" classname="org.TestJava.TestNGPractice"/>
  <testcase name="test3" time="0.002" classname="org.TestJava.testNGPract1">
    <failure type="java.lang.AssertionError" message="expected [true] but found [false]">
      <![CDATA[java.lang.AssertionError: expected [true] but found [false]
	at org.TestJava.testNGPract1.test3(testNGPract1.java:12)
... Removed 29 stack frames]]>
    </failure>
  </testcase> <!-- test3 -->
  <testcase name="test4" time="0.001" classname="org.TestJava.testNGPract1"/>
</testsuite> <!-- Basics -->
